{
  "/Users/kim/projects/Modern-React-with-Redux/apps/src/theme.tsx": {
    "path": "/Users/kim/projects/Modern-React-with-Redux/apps/src/theme.tsx",
    "statementMap": {
      "0": {
        "start": {
          "line": 3,
          "column": 14
        },
        "end": {
          "line": 23,
          "column": 2
        }
      }
    },
    "fnMap": {},
    "branchMap": {},
    "s": {
      "0": 8
    },
    "f": {},
    "b": {},
    "inputSourceMap": {
      "version": 3,
      "mappings": "AAAA,SAASA,mBAAmB;AAC5B,SAASC,WAAW;AAGpB,MAAMC,QAAQF,YAAY;AAAA,EACxBG,SAAS;AAAA,IACPC,SAAS;AAAA,MACPC,MAAM;AAAA,MACNC,OAAO;AAAA,MACPC,MAAM;AAAA,MACNC,cAAc;AAAA,IAChB;AAAA,IACAC,WAAW;AAAA,MACTJ,MAAM;AAAA,MACNC,OAAO;AAAA,MACPC,MAAM;AAAA,IACR;AAAA,IACAG,OAAO;AAAA,MACLL,MAAMJ,IAAIU;AAAAA,IACZ;AAAA,IACAC,YAAY;AAAA,MACVC,SAAS;AAAA,IACX;AAAA,EACF;AACF,CAAC;AAED,eAAeX",
      "names": [
        "createTheme",
        "red",
        "theme",
        "palette",
        "primary",
        "main",
        "light",
        "dark",
        "contrastText",
        "secondary",
        "error",
        "A400",
        "background",
        "default"
      ],
      "sources": [
        "/Users/kim/projects/Modern-React-with-Redux/apps/src/theme.tsx"
      ],
      "file": "/Users/kim/projects/Modern-React-with-Redux/apps/src/theme.tsx"
    },
    "_coverageSchema": "1a1c01bbd47fc00a2c39e90264f33305004495a9",
    "hash": "29d7559fe440dbf5b23845133bc0019e33cbde79"
  },
  "/Users/kim/projects/Modern-React-with-Redux/apps/src/animals/AnimalShow.tsx": {
    "path": "/Users/kim/projects/Modern-React-with-Redux/apps/src/animals/AnimalShow.tsx",
    "statementMap": {
      "0": {
        "start": {
          "line": 3,
          "column": 20
        },
        "end": {
          "line": 3,
          "column": 97
        }
      },
      "1": {
        "start": {
          "line": 6,
          "column": 0
        },
        "end": {
          "line": 16,
          "column": 1
        }
      },
      "2": {
        "start": {
          "line": 7,
          "column": 2
        },
        "end": {
          "line": 9,
          "column": 3
        }
      },
      "3": {
        "start": {
          "line": 8,
          "column": 4
        },
        "end": {
          "line": 8,
          "column": 165
        }
      },
      "4": {
        "start": {
          "line": 10,
          "column": 2
        },
        "end": {
          "line": 10,
          "column": 39
        }
      },
      "5": {
        "start": {
          "line": 11,
          "column": 2
        },
        "end": {
          "line": 11,
          "column": 39
        }
      },
      "6": {
        "start": {
          "line": 12,
          "column": 2
        },
        "end": {
          "line": 14,
          "column": 4
        }
      },
      "7": {
        "start": {
          "line": 13,
          "column": 4
        },
        "end": {
          "line": 13,
          "column": 119
        }
      },
      "8": {
        "start": {
          "line": 15,
          "column": 2
        },
        "end": {
          "line": 15,
          "column": 75
        }
      },
      "9": {
        "start": {
          "line": 17,
          "column": 9
        },
        "end": {
          "line": 17,
          "column": 23
        }
      },
      "10": {
        "start": {
          "line": 27,
          "column": 2
        },
        "end": {
          "line": 27,
          "column": 7
        }
      },
      "11": {
        "start": {
          "line": 28,
          "column": 19
        },
        "end": {
          "line": 28,
          "column": 24
        }
      },
      "12": {
        "start": {
          "line": 29,
          "column": 30
        },
        "end": {
          "line": 29,
          "column": 41
        }
      },
      "13": {
        "start": {
          "line": 30,
          "column": 17
        },
        "end": {
          "line": 37,
          "column": 3
        }
      },
      "14": {
        "start": {
          "line": 38,
          "column": 22
        },
        "end": {
          "line": 40,
          "column": 3
        }
      },
      "15": {
        "start": {
          "line": 39,
          "column": 4
        },
        "end": {
          "line": 39,
          "column": 26
        }
      },
      "16": {
        "start": {
          "line": 41,
          "column": 2
        },
        "end": {
          "line": 87,
          "column": 4
        }
      },
      "17": {
        "start": {
          "line": 89,
          "column": 0
        },
        "end": {
          "line": 89,
          "column": 47
        }
      },
      "18": {
        "start": {
          "line": 90,
          "column": 0
        },
        "end": {
          "line": 90,
          "column": 16
        }
      },
      "19": {
        "start": {
          "line": 93,
          "column": 0
        },
        "end": {
          "line": 93,
          "column": 31
        }
      },
      "20": {
        "start": {
          "line": 94,
          "column": 0
        },
        "end": {
          "line": 107,
          "column": 1
        }
      },
      "21": {
        "start": {
          "line": 95,
          "column": 2
        },
        "end": {
          "line": 95,
          "column": 39
        }
      },
      "22": {
        "start": {
          "line": 96,
          "column": 2
        },
        "end": {
          "line": 96,
          "column": 39
        }
      },
      "23": {
        "start": {
          "line": 97,
          "column": 2
        },
        "end": {
          "line": 106,
          "column": 5
        }
      },
      "24": {
        "start": {
          "line": 98,
          "column": 4
        },
        "end": {
          "line": 98,
          "column": 145
        }
      },
      "25": {
        "start": {
          "line": 99,
          "column": 4
        },
        "end": {
          "line": 105,
          "column": 7
        }
      },
      "26": {
        "start": {
          "line": 100,
          "column": 6
        },
        "end": {
          "line": 101,
          "column": 15
        }
      },
      "27": {
        "start": {
          "line": 101,
          "column": 8
        },
        "end": {
          "line": 101,
          "column": 15
        }
      },
      "28": {
        "start": {
          "line": 102,
          "column": 32
        },
        "end": {
          "line": 102,
          "column": 115
        }
      },
      "29": {
        "start": {
          "line": 103,
          "column": 6
        },
        "end": {
          "line": 104,
          "column": 54
        }
      },
      "30": {
        "start": {
          "line": 104,
          "column": 8
        },
        "end": {
          "line": 104,
          "column": 54
        }
      }
    },
    "fnMap": {
      "0": {
        "name": "(anonymous_0)",
        "decl": {
          "start": {
            "line": 12,
            "column": 24
          },
          "end": {
            "line": 12,
            "column": 25
          }
        },
        "loc": {
          "start": {
            "line": 12,
            "column": 38
          },
          "end": {
            "line": 14,
            "column": 3
          }
        },
        "line": 12
      },
      "1": {
        "name": "AnimalShow",
        "decl": {
          "start": {
            "line": 26,
            "column": 9
          },
          "end": {
            "line": 26,
            "column": 19
          }
        },
        "loc": {
          "start": {
            "line": 26,
            "column": 27
          },
          "end": {
            "line": 88,
            "column": 1
          }
        },
        "line": 26
      },
      "2": {
        "name": "(anonymous_2)",
        "decl": {
          "start": {
            "line": 38,
            "column": 22
          },
          "end": {
            "line": 38,
            "column": 23
          }
        },
        "loc": {
          "start": {
            "line": 38,
            "column": 28
          },
          "end": {
            "line": 40,
            "column": 3
          }
        },
        "line": 38
      },
      "3": {
        "name": "(anonymous_3)",
        "decl": {
          "start": {
            "line": 97,
            "column": 52
          },
          "end": {
            "line": 97,
            "column": 53
          }
        },
        "loc": {
          "start": {
            "line": 97,
            "column": 72
          },
          "end": {
            "line": 106,
            "column": 3
          }
        },
        "line": 97
      },
      "4": {
        "name": "(anonymous_4)",
        "decl": {
          "start": {
            "line": 99,
            "column": 27
          },
          "end": {
            "line": 99,
            "column": 28
          }
        },
        "loc": {
          "start": {
            "line": 99,
            "column": 44
          },
          "end": {
            "line": 105,
            "column": 5
          }
        },
        "line": 99
      }
    },
    "branchMap": {
      "0": {
        "loc": {
          "start": {
            "line": 3,
            "column": 20
          },
          "end": {
            "line": 3,
            "column": 97
          }
        },
        "type": "binary-expr",
        "locations": [
          {
            "start": {
              "line": 3,
              "column": 20
            },
            "end": {
              "line": 3,
              "column": 60
            }
          },
          {
            "start": {
              "line": 3,
              "column": 64
            },
            "end": {
              "line": 3,
              "column": 97
            }
          }
        ],
        "line": 3
      },
      "1": {
        "loc": {
          "start": {
            "line": 6,
            "column": 0
          },
          "end": {
            "line": 16,
            "column": 1
          }
        },
        "type": "if",
        "locations": [
          {
            "start": {
              "line": 6,
              "column": 0
            },
            "end": {
              "line": 16,
              "column": 1
            }
          },
          {
            "start": {},
            "end": {}
          }
        ],
        "line": 6
      },
      "2": {
        "loc": {
          "start": {
            "line": 6,
            "column": 4
          },
          "end": {
            "line": 6,
            "column": 35
          }
        },
        "type": "binary-expr",
        "locations": [
          {
            "start": {
              "line": 6,
              "column": 4
            },
            "end": {
              "line": 6,
              "column": 19
            }
          },
          {
            "start": {
              "line": 6,
              "column": 23
            },
            "end": {
              "line": 6,
              "column": 35
            }
          }
        ],
        "line": 6
      },
      "3": {
        "loc": {
          "start": {
            "line": 7,
            "column": 2
          },
          "end": {
            "line": 9,
            "column": 3
          }
        },
        "type": "if",
        "locations": [
          {
            "start": {
              "line": 7,
              "column": 2
            },
            "end": {
              "line": 9,
              "column": 3
            }
          },
          {
            "start": {},
            "end": {}
          }
        ],
        "line": 7
      },
      "4": {
        "loc": {
          "start": {
            "line": 94,
            "column": 0
          },
          "end": {
            "line": 107,
            "column": 1
          }
        },
        "type": "if",
        "locations": [
          {
            "start": {
              "line": 94,
              "column": 0
            },
            "end": {
              "line": 107,
              "column": 1
            }
          },
          {
            "start": {},
            "end": {}
          }
        ],
        "line": 94
      },
      "5": {
        "loc": {
          "start": {
            "line": 94,
            "column": 4
          },
          "end": {
            "line": 94,
            "column": 35
          }
        },
        "type": "binary-expr",
        "locations": [
          {
            "start": {
              "line": 94,
              "column": 4
            },
            "end": {
              "line": 94,
              "column": 19
            }
          },
          {
            "start": {
              "line": 94,
              "column": 23
            },
            "end": {
              "line": 94,
              "column": 35
            }
          }
        ],
        "line": 94
      },
      "6": {
        "loc": {
          "start": {
            "line": 100,
            "column": 6
          },
          "end": {
            "line": 101,
            "column": 15
          }
        },
        "type": "if",
        "locations": [
          {
            "start": {
              "line": 100,
              "column": 6
            },
            "end": {
              "line": 101,
              "column": 15
            }
          },
          {
            "start": {},
            "end": {}
          }
        ],
        "line": 100
      },
      "7": {
        "loc": {
          "start": {
            "line": 103,
            "column": 6
          },
          "end": {
            "line": 104,
            "column": 54
          }
        },
        "type": "if",
        "locations": [
          {
            "start": {
              "line": 103,
              "column": 6
            },
            "end": {
              "line": 104,
              "column": 54
            }
          },
          {
            "start": {},
            "end": {}
          }
        ],
        "line": 103
      }
    },
    "s": {
      "0": 8,
      "1": 8,
      "2": 8,
      "3": 0,
      "4": 8,
      "5": 8,
      "6": 8,
      "7": 8,
      "8": 8,
      "9": 8,
      "10": 0,
      "11": 0,
      "12": 0,
      "13": 0,
      "14": 0,
      "15": 0,
      "16": 0,
      "17": 8,
      "18": 8,
      "19": 8,
      "20": 8,
      "21": 8,
      "22": 8,
      "23": 8,
      "24": 8,
      "25": 8,
      "26": 0,
      "27": 0,
      "28": 0,
      "29": 0,
      "30": 0
    },
    "f": {
      "0": 8,
      "1": 0,
      "2": 0,
      "3": 8,
      "4": 0
    },
    "b": {
      "0": [
        8,
        0
      ],
      "1": [
        8,
        0
      ],
      "2": [
        8,
        8
      ],
      "3": [
        0,
        8
      ],
      "4": [
        8,
        0
      ],
      "5": [
        8,
        8
      ],
      "6": [
        0,
        0
      ],
      "7": [
        0,
        0
      ]
    },
    "inputSourceMap": {
      "version": 3,
      "mappings": "AAmCQ;2BAnCR;AAAiB,MAAQ,cAAO;AAAA;AAAA;AAAA;AAAA;AAAA;AAAA;AAAA;AAAA;AAAA;AAAA;AAAA;AAAA;AAAA;AAAA;AAAA;AAChC,OAAOA,UAAU;AACjB,OAAOC,SAAS;AAChB,OAAOC,SAAS;AAChB,OAAOC,SAAS;AAChB,OAAOC,WAAW;AAClB,OAAOC,WAAW;AAClB,OAAOC,SAAS;AAEhB,SAASC,WAAWC,OAAyB;AAAAC,KAAA;AAC3C,QAAM,EAAEC,KAAK,IAAIF;AACjB,QAAM,CAACG,QAAQC,SAAS,IAAIC,SAAS,CAAC;AAEtC,QAAMC,SAAS;AAAA,IACbb;AAAAA,IACAC;AAAAA,IACAC;AAAAA,IACAC;AAAAA,IACAC;AAAAA,IACAC;AAAAA,EACF;AAEA,QAAMS,cAAcA,MAAM;AACxBH,cAAUD,SAAS,CAAC;AAAA,EACtB;AAEA;AAAA;AAAA,IAEE,uBAAC,QAAK,MAAI,MAAC,IAAI,GACb;AAAA,MAAC;AAAA;AAAA,QACC,MAAK;AAAA,QACL,UAAU;AAAA,QACV,SAASI;AAAAA,QACT,SAASA;AAAAA,QAET;AAAA;AAAA,YAAC;AAAA;AAAA,cACC,KAAI;AAAA,cACJ,KAAKD,OAAOJ,IAA2B;AAAA,cACvC,QAAQ;AAAA;AAAA,YAHV;AAAA;AAAA;AAAA;AAAA;AAAA;AAAA;AAAA;AAAA,UAGc;AAAA,UAEd,uBAAC,OAAE,OAAO,EAAEM,OAAO,OAAOC,UAAW,GAAE,KAAK,KAAKN,MAAO,KAAI,GAAE,iBAA9D;AAAA;AAAA;AAAA;AAAA,iBAEA;AAAA;AAAA;AAAA,MAbF;AAAA;AAAA;AAAA;AAAA;AAAA;AAAA;AAAA;AAAA,IAcA,KAfF;AAAA;AAAA;AAAA;AAAA,WAgBA;AAAA;AAGJ;AAACF,GAtCQF,YAAU;AAAAW,KAAVX;AAwCT,eAAeA;AAAU,IAAAW;AAAAC,aAAAD,IAAA",
      "names": [
        "Grid",
        "cat",
        "cow",
        "dog",
        "gator",
        "horse",
        "owl",
        "AnimalShow",
        "props",
        "_s",
        "type",
        "clicks",
        "setClicks",
        "useState",
        "imgMap",
        "handleClick",
        "color",
        "fontSize",
        "_c",
        "$RefreshReg$"
      ],
      "sources": [
        "/Users/kim/projects/Modern-React-with-Redux/apps/src/animals/AnimalShow.tsx"
      ],
      "file": "/Users/kim/projects/Modern-React-with-Redux/apps/src/animals/AnimalShow.tsx"
    },
    "_coverageSchema": "1a1c01bbd47fc00a2c39e90264f33305004495a9",
    "hash": "75fa220d8446a8c8f6478fce56abfa6fd5d96614"
  },
  "/Users/kim/projects/Modern-React-with-Redux/apps/src/animals/App.tsx": {
    "path": "/Users/kim/projects/Modern-React-with-Redux/apps/src/animals/App.tsx",
    "statementMap": {
      "0": {
        "start": {
          "line": 3,
          "column": 20
        },
        "end": {
          "line": 3,
          "column": 97
        }
      },
      "1": {
        "start": {
          "line": 6,
          "column": 0
        },
        "end": {
          "line": 16,
          "column": 1
        }
      },
      "2": {
        "start": {
          "line": 7,
          "column": 2
        },
        "end": {
          "line": 9,
          "column": 3
        }
      },
      "3": {
        "start": {
          "line": 8,
          "column": 4
        },
        "end": {
          "line": 8,
          "column": 165
        }
      },
      "4": {
        "start": {
          "line": 10,
          "column": 2
        },
        "end": {
          "line": 10,
          "column": 39
        }
      },
      "5": {
        "start": {
          "line": 11,
          "column": 2
        },
        "end": {
          "line": 11,
          "column": 39
        }
      },
      "6": {
        "start": {
          "line": 12,
          "column": 2
        },
        "end": {
          "line": 14,
          "column": 4
        }
      },
      "7": {
        "start": {
          "line": 13,
          "column": 4
        },
        "end": {
          "line": 13,
          "column": 112
        }
      },
      "8": {
        "start": {
          "line": 15,
          "column": 2
        },
        "end": {
          "line": 15,
          "column": 75
        }
      },
      "9": {
        "start": {
          "line": 17,
          "column": 9
        },
        "end": {
          "line": 17,
          "column": 23
        }
      },
      "10": {
        "start": {
          "line": 26,
          "column": 19
        },
        "end": {
          "line": 26,
          "column": 65
        }
      },
      "11": {
        "start": {
          "line": 27,
          "column": 24
        },
        "end": {
          "line": 29,
          "column": 1
        }
      },
      "12": {
        "start": {
          "line": 28,
          "column": 2
        },
        "end": {
          "line": 28,
          "column": 67
        }
      },
      "13": {
        "start": {
          "line": 31,
          "column": 2
        },
        "end": {
          "line": 31,
          "column": 7
        }
      },
      "14": {
        "start": {
          "line": 32,
          "column": 32
        },
        "end": {
          "line": 32,
          "column": 44
        }
      },
      "15": {
        "start": {
          "line": 33,
          "column": 22
        },
        "end": {
          "line": 43,
          "column": 3
        }
      },
      "16": {
        "start": {
          "line": 34,
          "column": 25
        },
        "end": {
          "line": 34,
          "column": 42
        }
      },
      "17": {
        "start": {
          "line": 35,
          "column": 4
        },
        "end": {
          "line": 41,
          "column": 5
        }
      },
      "18": {
        "start": {
          "line": 36,
          "column": 6
        },
        "end": {
          "line": 40,
          "column": 15
        }
      },
      "19": {
        "start": {
          "line": 42,
          "column": 4
        },
        "end": {
          "line": 42,
          "column": 50
        }
      },
      "20": {
        "start": {
          "line": 44,
          "column": 26
        },
        "end": {
          "line": 50,
          "column": 4
        }
      },
      "21": {
        "start": {
          "line": 45,
          "column": 4
        },
        "end": {
          "line": 49,
          "column": 13
        }
      },
      "22": {
        "start": {
          "line": 51,
          "column": 2
        },
        "end": {
          "line": 92,
          "column": 11
        }
      },
      "23": {
        "start": {
          "line": 94,
          "column": 0
        },
        "end": {
          "line": 94,
          "column": 40
        }
      },
      "24": {
        "start": {
          "line": 95,
          "column": 0
        },
        "end": {
          "line": 95,
          "column": 9
        }
      },
      "25": {
        "start": {
          "line": 98,
          "column": 0
        },
        "end": {
          "line": 98,
          "column": 24
        }
      },
      "26": {
        "start": {
          "line": 99,
          "column": 0
        },
        "end": {
          "line": 112,
          "column": 1
        }
      },
      "27": {
        "start": {
          "line": 100,
          "column": 2
        },
        "end": {
          "line": 100,
          "column": 39
        }
      },
      "28": {
        "start": {
          "line": 101,
          "column": 2
        },
        "end": {
          "line": 101,
          "column": 39
        }
      },
      "29": {
        "start": {
          "line": 102,
          "column": 2
        },
        "end": {
          "line": 111,
          "column": 5
        }
      },
      "30": {
        "start": {
          "line": 103,
          "column": 4
        },
        "end": {
          "line": 103,
          "column": 138
        }
      },
      "31": {
        "start": {
          "line": 104,
          "column": 4
        },
        "end": {
          "line": 110,
          "column": 7
        }
      },
      "32": {
        "start": {
          "line": 105,
          "column": 6
        },
        "end": {
          "line": 106,
          "column": 15
        }
      },
      "33": {
        "start": {
          "line": 106,
          "column": 8
        },
        "end": {
          "line": 106,
          "column": 15
        }
      },
      "34": {
        "start": {
          "line": 107,
          "column": 32
        },
        "end": {
          "line": 107,
          "column": 115
        }
      },
      "35": {
        "start": {
          "line": 108,
          "column": 6
        },
        "end": {
          "line": 109,
          "column": 54
        }
      },
      "36": {
        "start": {
          "line": 109,
          "column": 8
        },
        "end": {
          "line": 109,
          "column": 54
        }
      }
    },
    "fnMap": {
      "0": {
        "name": "(anonymous_0)",
        "decl": {
          "start": {
            "line": 12,
            "column": 24
          },
          "end": {
            "line": 12,
            "column": 25
          }
        },
        "loc": {
          "start": {
            "line": 12,
            "column": 38
          },
          "end": {
            "line": 14,
            "column": 3
          }
        },
        "line": 12
      },
      "1": {
        "name": "(anonymous_1)",
        "decl": {
          "start": {
            "line": 27,
            "column": 24
          },
          "end": {
            "line": 27,
            "column": 25
          }
        },
        "loc": {
          "start": {
            "line": 27,
            "column": 30
          },
          "end": {
            "line": 29,
            "column": 1
          }
        },
        "line": 27
      },
      "2": {
        "name": "App",
        "decl": {
          "start": {
            "line": 30,
            "column": 9
          },
          "end": {
            "line": 30,
            "column": 12
          }
        },
        "loc": {
          "start": {
            "line": 30,
            "column": 15
          },
          "end": {
            "line": 93,
            "column": 1
          }
        },
        "line": 30
      },
      "3": {
        "name": "(anonymous_3)",
        "decl": {
          "start": {
            "line": 33,
            "column": 22
          },
          "end": {
            "line": 33,
            "column": 23
          }
        },
        "loc": {
          "start": {
            "line": 33,
            "column": 28
          },
          "end": {
            "line": 43,
            "column": 3
          }
        },
        "line": 33
      },
      "4": {
        "name": "(anonymous_4)",
        "decl": {
          "start": {
            "line": 44,
            "column": 38
          },
          "end": {
            "line": 44,
            "column": 39
          }
        },
        "loc": {
          "start": {
            "line": 44,
            "column": 53
          },
          "end": {
            "line": 50,
            "column": 3
          }
        },
        "line": 44
      },
      "5": {
        "name": "(anonymous_5)",
        "decl": {
          "start": {
            "line": 102,
            "column": 52
          },
          "end": {
            "line": 102,
            "column": 53
          }
        },
        "loc": {
          "start": {
            "line": 102,
            "column": 72
          },
          "end": {
            "line": 111,
            "column": 3
          }
        },
        "line": 102
      },
      "6": {
        "name": "(anonymous_6)",
        "decl": {
          "start": {
            "line": 104,
            "column": 27
          },
          "end": {
            "line": 104,
            "column": 28
          }
        },
        "loc": {
          "start": {
            "line": 104,
            "column": 44
          },
          "end": {
            "line": 110,
            "column": 5
          }
        },
        "line": 104
      }
    },
    "branchMap": {
      "0": {
        "loc": {
          "start": {
            "line": 3,
            "column": 20
          },
          "end": {
            "line": 3,
            "column": 97
          }
        },
        "type": "binary-expr",
        "locations": [
          {
            "start": {
              "line": 3,
              "column": 20
            },
            "end": {
              "line": 3,
              "column": 60
            }
          },
          {
            "start": {
              "line": 3,
              "column": 64
            },
            "end": {
              "line": 3,
              "column": 97
            }
          }
        ],
        "line": 3
      },
      "1": {
        "loc": {
          "start": {
            "line": 6,
            "column": 0
          },
          "end": {
            "line": 16,
            "column": 1
          }
        },
        "type": "if",
        "locations": [
          {
            "start": {
              "line": 6,
              "column": 0
            },
            "end": {
              "line": 16,
              "column": 1
            }
          },
          {
            "start": {},
            "end": {}
          }
        ],
        "line": 6
      },
      "2": {
        "loc": {
          "start": {
            "line": 6,
            "column": 4
          },
          "end": {
            "line": 6,
            "column": 35
          }
        },
        "type": "binary-expr",
        "locations": [
          {
            "start": {
              "line": 6,
              "column": 4
            },
            "end": {
              "line": 6,
              "column": 19
            }
          },
          {
            "start": {
              "line": 6,
              "column": 23
            },
            "end": {
              "line": 6,
              "column": 35
            }
          }
        ],
        "line": 6
      },
      "3": {
        "loc": {
          "start": {
            "line": 7,
            "column": 2
          },
          "end": {
            "line": 9,
            "column": 3
          }
        },
        "type": "if",
        "locations": [
          {
            "start": {
              "line": 7,
              "column": 2
            },
            "end": {
              "line": 9,
              "column": 3
            }
          },
          {
            "start": {},
            "end": {}
          }
        ],
        "line": 7
      },
      "4": {
        "loc": {
          "start": {
            "line": 35,
            "column": 4
          },
          "end": {
            "line": 41,
            "column": 5
          }
        },
        "type": "if",
        "locations": [
          {
            "start": {
              "line": 35,
              "column": 4
            },
            "end": {
              "line": 41,
              "column": 5
            }
          },
          {
            "start": {},
            "end": {}
          }
        ],
        "line": 35
      },
      "5": {
        "loc": {
          "start": {
            "line": 99,
            "column": 0
          },
          "end": {
            "line": 112,
            "column": 1
          }
        },
        "type": "if",
        "locations": [
          {
            "start": {
              "line": 99,
              "column": 0
            },
            "end": {
              "line": 112,
              "column": 1
            }
          },
          {
            "start": {},
            "end": {}
          }
        ],
        "line": 99
      },
      "6": {
        "loc": {
          "start": {
            "line": 99,
            "column": 4
          },
          "end": {
            "line": 99,
            "column": 35
          }
        },
        "type": "binary-expr",
        "locations": [
          {
            "start": {
              "line": 99,
              "column": 4
            },
            "end": {
              "line": 99,
              "column": 19
            }
          },
          {
            "start": {
              "line": 99,
              "column": 23
            },
            "end": {
              "line": 99,
              "column": 35
            }
          }
        ],
        "line": 99
      },
      "7": {
        "loc": {
          "start": {
            "line": 105,
            "column": 6
          },
          "end": {
            "line": 106,
            "column": 15
          }
        },
        "type": "if",
        "locations": [
          {
            "start": {
              "line": 105,
              "column": 6
            },
            "end": {
              "line": 106,
              "column": 15
            }
          },
          {
            "start": {},
            "end": {}
          }
        ],
        "line": 105
      },
      "8": {
        "loc": {
          "start": {
            "line": 108,
            "column": 6
          },
          "end": {
            "line": 109,
            "column": 54
          }
        },
        "type": "if",
        "locations": [
          {
            "start": {
              "line": 108,
              "column": 6
            },
            "end": {
              "line": 109,
              "column": 54
            }
          },
          {
            "start": {},
            "end": {}
          }
        ],
        "line": 108
      }
    },
    "s": {
      "0": 8,
      "1": 8,
      "2": 8,
      "3": 0,
      "4": 8,
      "5": 8,
      "6": 8,
      "7": 8,
      "8": 8,
      "9": 8,
      "10": 8,
      "11": 8,
      "12": 0,
      "13": 0,
      "14": 0,
      "15": 0,
      "16": 0,
      "17": 0,
      "18": 0,
      "19": 0,
      "20": 0,
      "21": 0,
      "22": 0,
      "23": 8,
      "24": 8,
      "25": 8,
      "26": 8,
      "27": 8,
      "28": 8,
      "29": 8,
      "30": 8,
      "31": 8,
      "32": 0,
      "33": 0,
      "34": 0,
      "35": 0,
      "36": 0
    },
    "f": {
      "0": 8,
      "1": 0,
      "2": 0,
      "3": 0,
      "4": 0,
      "5": 8,
      "6": 0
    },
    "b": {
      "0": [
        8,
        0
      ],
      "1": [
        8,
        0
      ],
      "2": [
        8,
        8
      ],
      "3": [
        0,
        8
      ],
      "4": [
        0,
        0
      ],
      "5": [
        8,
        0
      ],
      "6": [
        8,
        8
      ],
      "7": [
        0,
        0
      ],
      "8": [
        0,
        0
      ]
    },
    "inputSourceMap": {
      "version": 3,
      "mappings": "AAyBQ;2BAzBR;AAAiB,MAAQ,cAAO;AAAA;AAAA;AAAA;AAAA;AAAA;AAAA;AAAA;AAAA;AAAA;AAAA;AAAA;AAAA;AAAA;AAAA;AAAA;AAChC,OAAOA,WAAW;AAClB,OAAOC,SAAS;AAChB,OAAOC,YAAY;AACnB,OAAOC,UAAU;AACjB,OAAOC,aAAa;AACpB,OAAOC,gBAAgB;AACvB,OAAOC,gBAAgB;AAGvB,MAAMC,aAAa,CAAC,OAAO,OAAO,OAAO,OAAO,SAAS,OAAO;AAEhE,MAAMC,kBAAkBA,MAAM;AAC5B,SAAOD,WAAWE,KAAKC,MAAMD,KAAKE,OAAO,IAAIJ,WAAWK,MAAM,CAAC;AACjE;AAEA,SAASC,MAAM;AAAAC,KAAA;AAIb,QAAM,CAACC,SAASC,UAAU,IAAIC,SAAmB,EAAE;AACnD,QAAMC,cAAcA,MAAM;AACxB,UAAMC,eAAeX,gBAAgB;AACrC,QAAIO,QAAQK,SAASD,YAAY,GAAG;AAClC,aACE,uBAAC,SAAM,UAAS,WAAU,gDAA1B;AAAA;AAAA;AAAA;AAAA,aAA0D;AAAA,IAG9D;AACA,WAAOH,WAAW,CAAC,GAAGD,SAASI,YAAY,CAAC;AAAA,EAC9C;AAGA,QAAME,kBAAkBN,QAAQO,IAAI,CAACC,QAAQC,MAAM;AAMjD,WAAO,uBAAC,cAAW,MAAMD,UAAaC,GAA/B;AAAA;AAAA;AAAA;AAAA,WAAiC;AAAA,EAC1C,CAAC;AAED,SACE,uBAAC,SACC;AAAA,2BAAC,cAAW,SAAQ,MAAK,WAAU,MAAK,cAAY,0CAApD;AAAA;AAAA;AAAA;AAAA,WAEA;AAAA,IACA;AAAA,MAAC;AAAA;AAAA,QACC,SAAQ;AAAA,QACR,OAAM;AAAA,QACN,WAAW,uBAAC,aAAD;AAAA;AAAA;AAAA;AAAA,eAAQ;AAAA,QACnB,SAASN;AAAAA,QAAY;AAAA;AAAA,MAJvB;AAAA;AAAA;AAAA;AAAA;AAAA;AAAA;AAAA;AAAA,IAOA;AAAA,IACA,uBAAC,OAAI,IAAI,IAAI,IAAI,IACf,iCAAC,QAAK,WAAS,MAAC,SAAS,GACtBG,6BADH;AAAA;AAAA;AAAA;AAAA,WAEA,KAHF;AAAA;AAAA;AAAA;AAAA,WAIA;AAAA,OAhBF;AAAA;AAAA;AAAA;AAAA,SAiBA;AAEJ;AAACP,GA9CQD,KAAG;AAAAY,KAAHZ;AAgDT,eAAeA;AAAG,IAAAY;AAAAC,aAAAD,IAAA",
      "names": [
        "Alert",
        "Box",
        "Button",
        "Grid",
        "AddIcon",
        "Typography",
        "AnimalShow",
        "animalList",
        "getRandomAnimal",
        "Math",
        "floor",
        "random",
        "length",
        "App",
        "_s",
        "animals",
        "setAnimals",
        "useState",
        "handleClick",
        "randomAnimal",
        "includes",
        "renderedAnimals",
        "map",
        "animal",
        "i",
        "_c",
        "$RefreshReg$"
      ],
      "sources": [
        "/Users/kim/projects/Modern-React-with-Redux/apps/src/animals/App.tsx"
      ],
      "file": "/Users/kim/projects/Modern-React-with-Redux/apps/src/animals/App.tsx"
    },
    "_coverageSchema": "1a1c01bbd47fc00a2c39e90264f33305004495a9",
    "hash": "1c53e2c95fa4da0b5aa31bcbdbafc4baead98511"
  },
  "/Users/kim/projects/Modern-React-with-Redux/apps/src/BookList/src/components/BookCreate.tsx": {
    "path": "/Users/kim/projects/Modern-React-with-Redux/apps/src/BookList/src/components/BookCreate.tsx",
    "statementMap": {
      "0": {
        "start": {
          "line": 3,
          "column": 20
        },
        "end": {
          "line": 3,
          "column": 97
        }
      },
      "1": {
        "start": {
          "line": 6,
          "column": 0
        },
        "end": {
          "line": 16,
          "column": 1
        }
      },
      "2": {
        "start": {
          "line": 7,
          "column": 2
        },
        "end": {
          "line": 9,
          "column": 3
        }
      },
      "3": {
        "start": {
          "line": 8,
          "column": 4
        },
        "end": {
          "line": 8,
          "column": 165
        }
      },
      "4": {
        "start": {
          "line": 10,
          "column": 2
        },
        "end": {
          "line": 10,
          "column": 39
        }
      },
      "5": {
        "start": {
          "line": 11,
          "column": 2
        },
        "end": {
          "line": 11,
          "column": 39
        }
      },
      "6": {
        "start": {
          "line": 12,
          "column": 2
        },
        "end": {
          "line": 14,
          "column": 4
        }
      },
      "7": {
        "start": {
          "line": 13,
          "column": 4
        },
        "end": {
          "line": 13,
          "column": 135
        }
      },
      "8": {
        "start": {
          "line": 15,
          "column": 2
        },
        "end": {
          "line": 15,
          "column": 75
        }
      },
      "9": {
        "start": {
          "line": 17,
          "column": 9
        },
        "end": {
          "line": 17,
          "column": 23
        }
      },
      "10": {
        "start": {
          "line": 20,
          "column": 2
        },
        "end": {
          "line": 20,
          "column": 7
        }
      },
      "11": {
        "start": {
          "line": 21,
          "column": 23
        },
        "end": {
          "line": 21,
          "column": 28
        }
      },
      "12": {
        "start": {
          "line": 22,
          "column": 28
        },
        "end": {
          "line": 22,
          "column": 40
        }
      },
      "13": {
        "start": {
          "line": 23,
          "column": 23
        },
        "end": {
          "line": 27,
          "column": 3
        }
      },
      "14": {
        "start": {
          "line": 24,
          "column": 4
        },
        "end": {
          "line": 24,
          "column": 27
        }
      },
      "15": {
        "start": {
          "line": 25,
          "column": 4
        },
        "end": {
          "line": 25,
          "column": 20
        }
      },
      "16": {
        "start": {
          "line": 26,
          "column": 4
        },
        "end": {
          "line": 26,
          "column": 17
        }
      },
      "17": {
        "start": {
          "line": 28,
          "column": 23
        },
        "end": {
          "line": 30,
          "column": 3
        }
      },
      "18": {
        "start": {
          "line": 29,
          "column": 4
        },
        "end": {
          "line": 29,
          "column": 33
        }
      },
      "19": {
        "start": {
          "line": 31,
          "column": 2
        },
        "end": {
          "line": 64,
          "column": 11
        }
      },
      "20": {
        "start": {
          "line": 66,
          "column": 0
        },
        "end": {
          "line": 66,
          "column": 47
        }
      },
      "21": {
        "start": {
          "line": 67,
          "column": 0
        },
        "end": {
          "line": 67,
          "column": 16
        }
      },
      "22": {
        "start": {
          "line": 70,
          "column": 0
        },
        "end": {
          "line": 70,
          "column": 31
        }
      },
      "23": {
        "start": {
          "line": 71,
          "column": 0
        },
        "end": {
          "line": 84,
          "column": 1
        }
      },
      "24": {
        "start": {
          "line": 72,
          "column": 2
        },
        "end": {
          "line": 72,
          "column": 39
        }
      },
      "25": {
        "start": {
          "line": 73,
          "column": 2
        },
        "end": {
          "line": 73,
          "column": 39
        }
      },
      "26": {
        "start": {
          "line": 74,
          "column": 2
        },
        "end": {
          "line": 83,
          "column": 5
        }
      },
      "27": {
        "start": {
          "line": 75,
          "column": 4
        },
        "end": {
          "line": 75,
          "column": 161
        }
      },
      "28": {
        "start": {
          "line": 76,
          "column": 4
        },
        "end": {
          "line": 82,
          "column": 7
        }
      },
      "29": {
        "start": {
          "line": 77,
          "column": 6
        },
        "end": {
          "line": 78,
          "column": 15
        }
      },
      "30": {
        "start": {
          "line": 78,
          "column": 8
        },
        "end": {
          "line": 78,
          "column": 15
        }
      },
      "31": {
        "start": {
          "line": 79,
          "column": 32
        },
        "end": {
          "line": 79,
          "column": 115
        }
      },
      "32": {
        "start": {
          "line": 80,
          "column": 6
        },
        "end": {
          "line": 81,
          "column": 54
        }
      },
      "33": {
        "start": {
          "line": 81,
          "column": 8
        },
        "end": {
          "line": 81,
          "column": 54
        }
      }
    },
    "fnMap": {
      "0": {
        "name": "(anonymous_0)",
        "decl": {
          "start": {
            "line": 12,
            "column": 24
          },
          "end": {
            "line": 12,
            "column": 25
          }
        },
        "loc": {
          "start": {
            "line": 12,
            "column": 38
          },
          "end": {
            "line": 14,
            "column": 3
          }
        },
        "line": 12
      },
      "1": {
        "name": "BookCreate",
        "decl": {
          "start": {
            "line": 19,
            "column": 9
          },
          "end": {
            "line": 19,
            "column": 19
          }
        },
        "loc": {
          "start": {
            "line": 19,
            "column": 27
          },
          "end": {
            "line": 65,
            "column": 1
          }
        },
        "line": 19
      },
      "2": {
        "name": "(anonymous_2)",
        "decl": {
          "start": {
            "line": 23,
            "column": 23
          },
          "end": {
            "line": 23,
            "column": 24
          }
        },
        "loc": {
          "start": {
            "line": 23,
            "column": 34
          },
          "end": {
            "line": 27,
            "column": 3
          }
        },
        "line": 23
      },
      "3": {
        "name": "(anonymous_3)",
        "decl": {
          "start": {
            "line": 28,
            "column": 23
          },
          "end": {
            "line": 28,
            "column": 24
          }
        },
        "loc": {
          "start": {
            "line": 28,
            "column": 34
          },
          "end": {
            "line": 30,
            "column": 3
          }
        },
        "line": 28
      },
      "4": {
        "name": "(anonymous_4)",
        "decl": {
          "start": {
            "line": 74,
            "column": 52
          },
          "end": {
            "line": 74,
            "column": 53
          }
        },
        "loc": {
          "start": {
            "line": 74,
            "column": 72
          },
          "end": {
            "line": 83,
            "column": 3
          }
        },
        "line": 74
      },
      "5": {
        "name": "(anonymous_5)",
        "decl": {
          "start": {
            "line": 76,
            "column": 27
          },
          "end": {
            "line": 76,
            "column": 28
          }
        },
        "loc": {
          "start": {
            "line": 76,
            "column": 44
          },
          "end": {
            "line": 82,
            "column": 5
          }
        },
        "line": 76
      }
    },
    "branchMap": {
      "0": {
        "loc": {
          "start": {
            "line": 3,
            "column": 20
          },
          "end": {
            "line": 3,
            "column": 97
          }
        },
        "type": "binary-expr",
        "locations": [
          {
            "start": {
              "line": 3,
              "column": 20
            },
            "end": {
              "line": 3,
              "column": 60
            }
          },
          {
            "start": {
              "line": 3,
              "column": 64
            },
            "end": {
              "line": 3,
              "column": 97
            }
          }
        ],
        "line": 3
      },
      "1": {
        "loc": {
          "start": {
            "line": 6,
            "column": 0
          },
          "end": {
            "line": 16,
            "column": 1
          }
        },
        "type": "if",
        "locations": [
          {
            "start": {
              "line": 6,
              "column": 0
            },
            "end": {
              "line": 16,
              "column": 1
            }
          },
          {
            "start": {},
            "end": {}
          }
        ],
        "line": 6
      },
      "2": {
        "loc": {
          "start": {
            "line": 6,
            "column": 4
          },
          "end": {
            "line": 6,
            "column": 35
          }
        },
        "type": "binary-expr",
        "locations": [
          {
            "start": {
              "line": 6,
              "column": 4
            },
            "end": {
              "line": 6,
              "column": 19
            }
          },
          {
            "start": {
              "line": 6,
              "column": 23
            },
            "end": {
              "line": 6,
              "column": 35
            }
          }
        ],
        "line": 6
      },
      "3": {
        "loc": {
          "start": {
            "line": 7,
            "column": 2
          },
          "end": {
            "line": 9,
            "column": 3
          }
        },
        "type": "if",
        "locations": [
          {
            "start": {
              "line": 7,
              "column": 2
            },
            "end": {
              "line": 9,
              "column": 3
            }
          },
          {
            "start": {},
            "end": {}
          }
        ],
        "line": 7
      },
      "4": {
        "loc": {
          "start": {
            "line": 71,
            "column": 0
          },
          "end": {
            "line": 84,
            "column": 1
          }
        },
        "type": "if",
        "locations": [
          {
            "start": {
              "line": 71,
              "column": 0
            },
            "end": {
              "line": 84,
              "column": 1
            }
          },
          {
            "start": {},
            "end": {}
          }
        ],
        "line": 71
      },
      "5": {
        "loc": {
          "start": {
            "line": 71,
            "column": 4
          },
          "end": {
            "line": 71,
            "column": 35
          }
        },
        "type": "binary-expr",
        "locations": [
          {
            "start": {
              "line": 71,
              "column": 4
            },
            "end": {
              "line": 71,
              "column": 19
            }
          },
          {
            "start": {
              "line": 71,
              "column": 23
            },
            "end": {
              "line": 71,
              "column": 35
            }
          }
        ],
        "line": 71
      },
      "6": {
        "loc": {
          "start": {
            "line": 77,
            "column": 6
          },
          "end": {
            "line": 78,
            "column": 15
          }
        },
        "type": "if",
        "locations": [
          {
            "start": {
              "line": 77,
              "column": 6
            },
            "end": {
              "line": 78,
              "column": 15
            }
          },
          {
            "start": {},
            "end": {}
          }
        ],
        "line": 77
      },
      "7": {
        "loc": {
          "start": {
            "line": 80,
            "column": 6
          },
          "end": {
            "line": 81,
            "column": 54
          }
        },
        "type": "if",
        "locations": [
          {
            "start": {
              "line": 80,
              "column": 6
            },
            "end": {
              "line": 81,
              "column": 54
            }
          },
          {
            "start": {},
            "end": {}
          }
        ],
        "line": 80
      }
    },
    "s": {
      "0": 8,
      "1": 8,
      "2": 8,
      "3": 0,
      "4": 8,
      "5": 8,
      "6": 8,
      "7": 8,
      "8": 8,
      "9": 8,
      "10": 82,
      "11": 82,
      "12": 82,
      "13": 82,
      "14": 4,
      "15": 4,
      "16": 4,
      "17": 82,
      "18": 32,
      "19": 82,
      "20": 8,
      "21": 8,
      "22": 8,
      "23": 8,
      "24": 8,
      "25": 8,
      "26": 8,
      "27": 8,
      "28": 8,
      "29": 0,
      "30": 0,
      "31": 0,
      "32": 0,
      "33": 0
    },
    "f": {
      "0": 8,
      "1": 82,
      "2": 4,
      "3": 32,
      "4": 8,
      "5": 0
    },
    "b": {
      "0": [
        8,
        0
      ],
      "1": [
        8,
        0
      ],
      "2": [
        8,
        8
      ],
      "3": [
        0,
        8
      ],
      "4": [
        8,
        0
      ],
      "5": [
        8,
        8
      ],
      "6": [
        0,
        0
      ],
      "7": [
        0,
        0
      ]
    },
    "inputSourceMap": {
      "version": 3,
      "mappings": "AAoBM;2BApBN;AAASA,MAAgBC,cAAgB,OAAO;AAAA;AAAA;AAAA;AAAA;AAAA;AAAA;AAAA;AAAA;AAAA;AAAA;AAAA;AAAA;AAAA;AAAA;AAAA;AAEhD,SAASC,WAAWC,OAA8C;AAAAC,KAAA;AAChE,QAAM,EAAEC,SAAS,IAAIF;AACrB,QAAM,CAACG,OAAOC,QAAQ,IAAIN,SAAS,EAAE;AAErC,QAAMO,eAAeA,CAACC,UAA0C;AAC9DA,UAAMC,eAAe;AACrBL,aAASC,KAAK;AACdC,aAAS,EAAE;AAAA,EACb;AAEA,QAAMI,eAAeA,CAACF,UAEhB;AACJF,aAASE,MAAMG,OAAOC,KAAK;AAAA,EAC7B;AAEA,SACE,uBAAC,SACC;AAAA,2BAAC,OAAE,0BAAH;AAAA;AAAA;AAAA;AAAA,WAAa;AAAA,IACb,uBAAC,UAAK,UAAUL,cAEd;AAAA,6BAAC,WAAK;AAAA;AAAA,QAEJ,uBAAC,WAAM,MAAK,QAAO,OAAOF,OAAO,UAAUK,gBAA3C;AAAA;AAAA;AAAA;AAAA,eAAwD;AAAA,WAF1D;AAAA;AAAA;AAAA;AAAA,aAGA;AAAA,MACA,uBAAC,YAAO,MAAK,UAAS,sBAAtB;AAAA;AAAA;AAAA;AAAA,aAA4B;AAAA,SAN9B;AAAA;AAAA;AAAA;AAAA,WAOA;AAAA,OATF;AAAA;AAAA;AAAA;AAAA,SAUA;AAEJ;AAACP,GA7BQF,YAAU;AAAAY,KAAVZ;AA+BT,eAAeA;AAAU,IAAAY;AAAAC,aAAAD,IAAA",
      "names": [
        "SetStateAction",
        "useState",
        "BookCreate",
        "props",
        "_s",
        "onCreate",
        "title",
        "setTitle",
        "handleSubmit",
        "event",
        "preventDefault",
        "handleChange",
        "target",
        "value",
        "_c",
        "$RefreshReg$"
      ],
      "sources": [
        "/Users/kim/projects/Modern-React-with-Redux/apps/src/BookList/src/components/BookCreate.tsx"
      ],
      "file": "/Users/kim/projects/Modern-React-with-Redux/apps/src/BookList/src/components/BookCreate.tsx"
    },
    "_coverageSchema": "1a1c01bbd47fc00a2c39e90264f33305004495a9",
    "hash": "a2591d037d3806ce235b3a14cea620dddda6f6a0"
  },
  "/Users/kim/projects/Modern-React-with-Redux/apps/src/BookList/src/components/BookEdit.tsx": {
    "path": "/Users/kim/projects/Modern-React-with-Redux/apps/src/BookList/src/components/BookEdit.tsx",
    "statementMap": {
      "0": {
        "start": {
          "line": 3,
          "column": 20
        },
        "end": {
          "line": 3,
          "column": 97
        }
      },
      "1": {
        "start": {
          "line": 6,
          "column": 0
        },
        "end": {
          "line": 16,
          "column": 1
        }
      },
      "2": {
        "start": {
          "line": 7,
          "column": 2
        },
        "end": {
          "line": 9,
          "column": 3
        }
      },
      "3": {
        "start": {
          "line": 8,
          "column": 4
        },
        "end": {
          "line": 8,
          "column": 165
        }
      },
      "4": {
        "start": {
          "line": 10,
          "column": 2
        },
        "end": {
          "line": 10,
          "column": 39
        }
      },
      "5": {
        "start": {
          "line": 11,
          "column": 2
        },
        "end": {
          "line": 11,
          "column": 39
        }
      },
      "6": {
        "start": {
          "line": 12,
          "column": 2
        },
        "end": {
          "line": 14,
          "column": 4
        }
      },
      "7": {
        "start": {
          "line": 13,
          "column": 4
        },
        "end": {
          "line": 13,
          "column": 133
        }
      },
      "8": {
        "start": {
          "line": 15,
          "column": 2
        },
        "end": {
          "line": 15,
          "column": 75
        }
      },
      "9": {
        "start": {
          "line": 17,
          "column": 9
        },
        "end": {
          "line": 17,
          "column": 23
        }
      },
      "10": {
        "start": {
          "line": 26,
          "column": 2
        },
        "end": {
          "line": 26,
          "column": 7
        }
      },
      "11": {
        "start": {
          "line": 27,
          "column": 43
        },
        "end": {
          "line": 27,
          "column": 48
        }
      },
      "12": {
        "start": {
          "line": 28,
          "column": 28
        },
        "end": {
          "line": 28,
          "column": 48
        }
      },
      "13": {
        "start": {
          "line": 29,
          "column": 23
        },
        "end": {
          "line": 31,
          "column": 3
        }
      },
      "14": {
        "start": {
          "line": 30,
          "column": 4
        },
        "end": {
          "line": 30,
          "column": 33
        }
      },
      "15": {
        "start": {
          "line": 32,
          "column": 23
        },
        "end": {
          "line": 36,
          "column": 3
        }
      },
      "16": {
        "start": {
          "line": 33,
          "column": 4
        },
        "end": {
          "line": 33,
          "column": 27
        }
      },
      "17": {
        "start": {
          "line": 34,
          "column": 4
        },
        "end": {
          "line": 34,
          "column": 42
        }
      },
      "18": {
        "start": {
          "line": 35,
          "column": 4
        },
        "end": {
          "line": 35,
          "column": 29
        }
      },
      "19": {
        "start": {
          "line": 37,
          "column": 2
        },
        "end": {
          "line": 100,
          "column": 11
        }
      },
      "20": {
        "start": {
          "line": 102,
          "column": 0
        },
        "end": {
          "line": 102,
          "column": 45
        }
      },
      "21": {
        "start": {
          "line": 103,
          "column": 0
        },
        "end": {
          "line": 103,
          "column": 14
        }
      },
      "22": {
        "start": {
          "line": 106,
          "column": 0
        },
        "end": {
          "line": 106,
          "column": 29
        }
      },
      "23": {
        "start": {
          "line": 107,
          "column": 0
        },
        "end": {
          "line": 120,
          "column": 1
        }
      },
      "24": {
        "start": {
          "line": 108,
          "column": 2
        },
        "end": {
          "line": 108,
          "column": 39
        }
      },
      "25": {
        "start": {
          "line": 109,
          "column": 2
        },
        "end": {
          "line": 109,
          "column": 39
        }
      },
      "26": {
        "start": {
          "line": 110,
          "column": 2
        },
        "end": {
          "line": 119,
          "column": 5
        }
      },
      "27": {
        "start": {
          "line": 111,
          "column": 4
        },
        "end": {
          "line": 111,
          "column": 159
        }
      },
      "28": {
        "start": {
          "line": 112,
          "column": 4
        },
        "end": {
          "line": 118,
          "column": 7
        }
      },
      "29": {
        "start": {
          "line": 113,
          "column": 6
        },
        "end": {
          "line": 114,
          "column": 15
        }
      },
      "30": {
        "start": {
          "line": 114,
          "column": 8
        },
        "end": {
          "line": 114,
          "column": 15
        }
      },
      "31": {
        "start": {
          "line": 115,
          "column": 32
        },
        "end": {
          "line": 115,
          "column": 115
        }
      },
      "32": {
        "start": {
          "line": 116,
          "column": 6
        },
        "end": {
          "line": 117,
          "column": 54
        }
      },
      "33": {
        "start": {
          "line": 117,
          "column": 8
        },
        "end": {
          "line": 117,
          "column": 54
        }
      }
    },
    "fnMap": {
      "0": {
        "name": "(anonymous_0)",
        "decl": {
          "start": {
            "line": 12,
            "column": 24
          },
          "end": {
            "line": 12,
            "column": 25
          }
        },
        "loc": {
          "start": {
            "line": 12,
            "column": 38
          },
          "end": {
            "line": 14,
            "column": 3
          }
        },
        "line": 12
      },
      "1": {
        "name": "BookEdit",
        "decl": {
          "start": {
            "line": 25,
            "column": 9
          },
          "end": {
            "line": 25,
            "column": 17
          }
        },
        "loc": {
          "start": {
            "line": 25,
            "column": 25
          },
          "end": {
            "line": 101,
            "column": 1
          }
        },
        "line": 25
      },
      "2": {
        "name": "(anonymous_2)",
        "decl": {
          "start": {
            "line": 29,
            "column": 23
          },
          "end": {
            "line": 29,
            "column": 24
          }
        },
        "loc": {
          "start": {
            "line": 29,
            "column": 34
          },
          "end": {
            "line": 31,
            "column": 3
          }
        },
        "line": 29
      },
      "3": {
        "name": "(anonymous_3)",
        "decl": {
          "start": {
            "line": 32,
            "column": 23
          },
          "end": {
            "line": 32,
            "column": 24
          }
        },
        "loc": {
          "start": {
            "line": 32,
            "column": 34
          },
          "end": {
            "line": 36,
            "column": 3
          }
        },
        "line": 32
      },
      "4": {
        "name": "(anonymous_4)",
        "decl": {
          "start": {
            "line": 110,
            "column": 52
          },
          "end": {
            "line": 110,
            "column": 53
          }
        },
        "loc": {
          "start": {
            "line": 110,
            "column": 72
          },
          "end": {
            "line": 119,
            "column": 3
          }
        },
        "line": 110
      },
      "5": {
        "name": "(anonymous_5)",
        "decl": {
          "start": {
            "line": 112,
            "column": 27
          },
          "end": {
            "line": 112,
            "column": 28
          }
        },
        "loc": {
          "start": {
            "line": 112,
            "column": 44
          },
          "end": {
            "line": 118,
            "column": 5
          }
        },
        "line": 112
      }
    },
    "branchMap": {
      "0": {
        "loc": {
          "start": {
            "line": 3,
            "column": 20
          },
          "end": {
            "line": 3,
            "column": 97
          }
        },
        "type": "binary-expr",
        "locations": [
          {
            "start": {
              "line": 3,
              "column": 20
            },
            "end": {
              "line": 3,
              "column": 60
            }
          },
          {
            "start": {
              "line": 3,
              "column": 64
            },
            "end": {
              "line": 3,
              "column": 97
            }
          }
        ],
        "line": 3
      },
      "1": {
        "loc": {
          "start": {
            "line": 6,
            "column": 0
          },
          "end": {
            "line": 16,
            "column": 1
          }
        },
        "type": "if",
        "locations": [
          {
            "start": {
              "line": 6,
              "column": 0
            },
            "end": {
              "line": 16,
              "column": 1
            }
          },
          {
            "start": {},
            "end": {}
          }
        ],
        "line": 6
      },
      "2": {
        "loc": {
          "start": {
            "line": 6,
            "column": 4
          },
          "end": {
            "line": 6,
            "column": 35
          }
        },
        "type": "binary-expr",
        "locations": [
          {
            "start": {
              "line": 6,
              "column": 4
            },
            "end": {
              "line": 6,
              "column": 19
            }
          },
          {
            "start": {
              "line": 6,
              "column": 23
            },
            "end": {
              "line": 6,
              "column": 35
            }
          }
        ],
        "line": 6
      },
      "3": {
        "loc": {
          "start": {
            "line": 7,
            "column": 2
          },
          "end": {
            "line": 9,
            "column": 3
          }
        },
        "type": "if",
        "locations": [
          {
            "start": {
              "line": 7,
              "column": 2
            },
            "end": {
              "line": 9,
              "column": 3
            }
          },
          {
            "start": {},
            "end": {}
          }
        ],
        "line": 7
      },
      "4": {
        "loc": {
          "start": {
            "line": 107,
            "column": 0
          },
          "end": {
            "line": 120,
            "column": 1
          }
        },
        "type": "if",
        "locations": [
          {
            "start": {
              "line": 107,
              "column": 0
            },
            "end": {
              "line": 120,
              "column": 1
            }
          },
          {
            "start": {},
            "end": {}
          }
        ],
        "line": 107
      },
      "5": {
        "loc": {
          "start": {
            "line": 107,
            "column": 4
          },
          "end": {
            "line": 107,
            "column": 35
          }
        },
        "type": "binary-expr",
        "locations": [
          {
            "start": {
              "line": 107,
              "column": 4
            },
            "end": {
              "line": 107,
              "column": 19
            }
          },
          {
            "start": {
              "line": 107,
              "column": 23
            },
            "end": {
              "line": 107,
              "column": 35
            }
          }
        ],
        "line": 107
      },
      "6": {
        "loc": {
          "start": {
            "line": 113,
            "column": 6
          },
          "end": {
            "line": 114,
            "column": 15
          }
        },
        "type": "if",
        "locations": [
          {
            "start": {
              "line": 113,
              "column": 6
            },
            "end": {
              "line": 114,
              "column": 15
            }
          },
          {
            "start": {},
            "end": {}
          }
        ],
        "line": 113
      },
      "7": {
        "loc": {
          "start": {
            "line": 116,
            "column": 6
          },
          "end": {
            "line": 117,
            "column": 54
          }
        },
        "type": "if",
        "locations": [
          {
            "start": {
              "line": 116,
              "column": 6
            },
            "end": {
              "line": 117,
              "column": 54
            }
          },
          {
            "start": {},
            "end": {}
          }
        ],
        "line": 116
      }
    },
    "s": {
      "0": 8,
      "1": 8,
      "2": 8,
      "3": 0,
      "4": 8,
      "5": 8,
      "6": 8,
      "7": 8,
      "8": 8,
      "9": 8,
      "10": 56,
      "11": 56,
      "12": 56,
      "13": 56,
      "14": 26,
      "15": 56,
      "16": 1,
      "17": 1,
      "18": 1,
      "19": 56,
      "20": 8,
      "21": 8,
      "22": 8,
      "23": 8,
      "24": 8,
      "25": 8,
      "26": 8,
      "27": 8,
      "28": 8,
      "29": 0,
      "30": 0,
      "31": 0,
      "32": 0,
      "33": 0
    },
    "f": {
      "0": 8,
      "1": 56,
      "2": 26,
      "3": 1,
      "4": 8,
      "5": 0
    },
    "b": {
      "0": [
        8,
        0
      ],
      "1": [
        8,
        0
      ],
      "2": [
        8,
        8
      ],
      "3": [
        0,
        8
      ],
      "4": [
        8,
        0
      ],
      "5": [
        8,
        8
      ],
      "6": [
        0,
        0
      ],
      "7": [
        0,
        0
      ]
    },
    "inputSourceMap": {
      "version": 3,
      "mappings": "AAyCU;2BAzCV;AAASA,MAAgBC,cAAgB,OAAO;AAAA;AAAA;AAAA;AAAA;AAAA;AAAA;AAAA;AAAA;AAAA;AAAA;AAAA;AAAA;AAAA;AAAA;AAAA;AAChD,OAAOC,UAAU;AACjB,OAAOC,SAAS;AAChB,OAAOC,eAAe;AACtB,OAAOC,iBAAiB;AACxB,OAAOC,iBAAiB;AACxB,OAAOC,YAAY;AAGnB,SAASC,SAASC,OAIf;AAAAC,KAAA;AACD,QAAM,EAAEC,MAAMC,cAAcC,SAAS,IAAIJ;AACzC,QAAM,CAACK,OAAOC,QAAQ,IAAId,SAASU,KAAKG,KAAK;AAE7C,QAAME,eAAeA,CAACC,UAEhB;AACJF,aAASE,MAAMC,OAAOC,KAAK;AAAA,EAC7B;AAEA,QAAMC,eAAeA,CAACH,UAA0C;AAC9DA,UAAMI,eAAe;AACrBC,YAAQC,IAAI,mBAAmBT,KAAK;AACpCD,aAASF,KAAKa,IAAIV,KAAK;AAAA,EACzB;AAEA,SACE,uBAAC,QAAK,SAAQ,YAAW,eAAc,aAAYH,KAAKa,EAAG,IACzD;AAAA,2BAAC,eACC;AAAA,MAAC;AAAA;AAAA,QACC,WAAU;AAAA,QACV,IAAI;AAAA,UACF,wBAAwB,EAAEC,GAAG,EAAE;AAAA,QACjC;AAAA,QACA;AAAA,QACA,cAAa;AAAA,QACb,UAAUL;AAAAA,QAEV;AAAA,UAAC;AAAA;AAAA,YACC,IAAG;AAAA,YACH,OAAM;AAAA,YACN,MAAK;AAAA,YACL,OAAON;AAAAA,YACP,UAAUE;AAAAA;AAAAA,UALZ;AAAA;AAAA;AAAA;AAAA;AAAA;AAAA;AAAA;AAAA,QAKyB;AAAA;AAAA,MAd3B;AAAA;AAAA;AAAA;AAAA;AAAA;AAAA;AAAA;AAAA,IAgBA,KAjBF;AAAA;AAAA;AAAA;AAAA,WAkBA;AAAA,IACA,uBAAC,eACC;AAAA,6BAAC,UAAO,SAAQ,aAAY,MAAK,SAAQ,SAASI,cAAa,oBAA/D;AAAA;AAAA;AAAA;AAAA,aAEA;AAAA,MACA,uBAAC,UAAO,SAAQ,YAAW,MAAK,SAAQ,SAASR,cAAa,sBAA9D;AAAA;AAAA;AAAA;AAAA,aAEA;AAAA,SANF;AAAA;AAAA;AAAA;AAAA,WAOA;AAAA,OA3BF;AAAA;AAAA;AAAA;AAAA,SA4BA;AAEJ;AAACF,GAnDQF,UAAQ;AAAAkB,KAARlB;AAqDT,eAAeA;AAAQ,IAAAkB;AAAAC,aAAAD,IAAA",
      "names": [
        "SetStateAction",
        "useState",
        "Card",
        "Box",
        "TextField",
        "CardActions",
        "CardContent",
        "Button",
        "BookEdit",
        "props",
        "_s",
        "book",
        "handleCancel",
        "onSubmit",
        "title",
        "setTitle",
        "handleChange",
        "event",
        "target",
        "value",
        "handleSubmit",
        "preventDefault",
        "console",
        "log",
        "id",
        "m",
        "_c",
        "$RefreshReg$"
      ],
      "sources": [
        "/Users/kim/projects/Modern-React-with-Redux/apps/src/BookList/src/components/BookEdit.tsx"
      ],
      "file": "/Users/kim/projects/Modern-React-with-Redux/apps/src/BookList/src/components/BookEdit.tsx"
    },
    "_coverageSchema": "1a1c01bbd47fc00a2c39e90264f33305004495a9",
    "hash": "416dde71c4c1b1e604c1942c1ec9c00c23fa2817"
  },
  "/Users/kim/projects/Modern-React-with-Redux/apps/src/BookList/src/components/BookShow.tsx": {
    "path": "/Users/kim/projects/Modern-React-with-Redux/apps/src/BookList/src/components/BookShow.tsx",
    "statementMap": {
      "0": {
        "start": {
          "line": 3,
          "column": 20
        },
        "end": {
          "line": 3,
          "column": 97
        }
      },
      "1": {
        "start": {
          "line": 6,
          "column": 0
        },
        "end": {
          "line": 16,
          "column": 1
        }
      },
      "2": {
        "start": {
          "line": 7,
          "column": 2
        },
        "end": {
          "line": 9,
          "column": 3
        }
      },
      "3": {
        "start": {
          "line": 8,
          "column": 4
        },
        "end": {
          "line": 8,
          "column": 165
        }
      },
      "4": {
        "start": {
          "line": 10,
          "column": 2
        },
        "end": {
          "line": 10,
          "column": 39
        }
      },
      "5": {
        "start": {
          "line": 11,
          "column": 2
        },
        "end": {
          "line": 11,
          "column": 39
        }
      },
      "6": {
        "start": {
          "line": 12,
          "column": 2
        },
        "end": {
          "line": 14,
          "column": 4
        }
      },
      "7": {
        "start": {
          "line": 13,
          "column": 4
        },
        "end": {
          "line": 13,
          "column": 133
        }
      },
      "8": {
        "start": {
          "line": 15,
          "column": 2
        },
        "end": {
          "line": 15,
          "column": 75
        }
      },
      "9": {
        "start": {
          "line": 17,
          "column": 9
        },
        "end": {
          "line": 17,
          "column": 23
        }
      },
      "10": {
        "start": {
          "line": 30,
          "column": 2
        },
        "end": {
          "line": 30,
          "column": 7
        }
      },
      "11": {
        "start": {
          "line": 31,
          "column": 37
        },
        "end": {
          "line": 31,
          "column": 42
        }
      },
      "12": {
        "start": {
          "line": 32,
          "column": 34
        },
        "end": {
          "line": 32,
          "column": 49
        }
      },
      "13": {
        "start": {
          "line": 33,
          "column": 23
        },
        "end": {
          "line": 35,
          "column": 3
        }
      },
      "14": {
        "start": {
          "line": 34,
          "column": 4
        },
        "end": {
          "line": 34,
          "column": 22
        }
      },
      "15": {
        "start": {
          "line": 36,
          "column": 21
        },
        "end": {
          "line": 38,
          "column": 3
        }
      },
      "16": {
        "start": {
          "line": 37,
          "column": 4
        },
        "end": {
          "line": 37,
          "column": 27
        }
      },
      "17": {
        "start": {
          "line": 39,
          "column": 23
        },
        "end": {
          "line": 41,
          "column": 3
        }
      },
      "18": {
        "start": {
          "line": 40,
          "column": 4
        },
        "end": {
          "line": 40,
          "column": 27
        }
      },
      "19": {
        "start": {
          "line": 42,
          "column": 23
        },
        "end": {
          "line": 45,
          "column": 3
        }
      },
      "20": {
        "start": {
          "line": 43,
          "column": 4
        },
        "end": {
          "line": 43,
          "column": 23
        }
      },
      "21": {
        "start": {
          "line": 44,
          "column": 4
        },
        "end": {
          "line": 44,
          "column": 25
        }
      },
      "22": {
        "start": {
          "line": 46,
          "column": 2
        },
        "end": {
          "line": 112,
          "column": 11
        }
      },
      "23": {
        "start": {
          "line": 114,
          "column": 0
        },
        "end": {
          "line": 114,
          "column": 45
        }
      },
      "24": {
        "start": {
          "line": 115,
          "column": 0
        },
        "end": {
          "line": 115,
          "column": 14
        }
      },
      "25": {
        "start": {
          "line": 118,
          "column": 0
        },
        "end": {
          "line": 118,
          "column": 29
        }
      },
      "26": {
        "start": {
          "line": 119,
          "column": 0
        },
        "end": {
          "line": 132,
          "column": 1
        }
      },
      "27": {
        "start": {
          "line": 120,
          "column": 2
        },
        "end": {
          "line": 120,
          "column": 39
        }
      },
      "28": {
        "start": {
          "line": 121,
          "column": 2
        },
        "end": {
          "line": 121,
          "column": 39
        }
      },
      "29": {
        "start": {
          "line": 122,
          "column": 2
        },
        "end": {
          "line": 131,
          "column": 5
        }
      },
      "30": {
        "start": {
          "line": 123,
          "column": 4
        },
        "end": {
          "line": 123,
          "column": 159
        }
      },
      "31": {
        "start": {
          "line": 124,
          "column": 4
        },
        "end": {
          "line": 130,
          "column": 7
        }
      },
      "32": {
        "start": {
          "line": 125,
          "column": 6
        },
        "end": {
          "line": 126,
          "column": 15
        }
      },
      "33": {
        "start": {
          "line": 126,
          "column": 8
        },
        "end": {
          "line": 126,
          "column": 15
        }
      },
      "34": {
        "start": {
          "line": 127,
          "column": 32
        },
        "end": {
          "line": 127,
          "column": 115
        }
      },
      "35": {
        "start": {
          "line": 128,
          "column": 6
        },
        "end": {
          "line": 129,
          "column": 54
        }
      },
      "36": {
        "start": {
          "line": 129,
          "column": 8
        },
        "end": {
          "line": 129,
          "column": 54
        }
      }
    },
    "fnMap": {
      "0": {
        "name": "(anonymous_0)",
        "decl": {
          "start": {
            "line": 12,
            "column": 24
          },
          "end": {
            "line": 12,
            "column": 25
          }
        },
        "loc": {
          "start": {
            "line": 12,
            "column": 38
          },
          "end": {
            "line": 14,
            "column": 3
          }
        },
        "line": 12
      },
      "1": {
        "name": "Bookshow",
        "decl": {
          "start": {
            "line": 29,
            "column": 9
          },
          "end": {
            "line": 29,
            "column": 17
          }
        },
        "loc": {
          "start": {
            "line": 29,
            "column": 25
          },
          "end": {
            "line": 113,
            "column": 1
          }
        },
        "line": 29
      },
      "2": {
        "name": "(anonymous_2)",
        "decl": {
          "start": {
            "line": 33,
            "column": 23
          },
          "end": {
            "line": 33,
            "column": 24
          }
        },
        "loc": {
          "start": {
            "line": 33,
            "column": 29
          },
          "end": {
            "line": 35,
            "column": 3
          }
        },
        "line": 33
      },
      "3": {
        "name": "(anonymous_3)",
        "decl": {
          "start": {
            "line": 36,
            "column": 21
          },
          "end": {
            "line": 36,
            "column": 22
          }
        },
        "loc": {
          "start": {
            "line": 36,
            "column": 27
          },
          "end": {
            "line": 38,
            "column": 3
          }
        },
        "line": 36
      },
      "4": {
        "name": "(anonymous_4)",
        "decl": {
          "start": {
            "line": 39,
            "column": 23
          },
          "end": {
            "line": 39,
            "column": 24
          }
        },
        "loc": {
          "start": {
            "line": 39,
            "column": 29
          },
          "end": {
            "line": 41,
            "column": 3
          }
        },
        "line": 39
      },
      "5": {
        "name": "(anonymous_5)",
        "decl": {
          "start": {
            "line": 42,
            "column": 23
          },
          "end": {
            "line": 42,
            "column": 24
          }
        },
        "loc": {
          "start": {
            "line": 42,
            "column": 41
          },
          "end": {
            "line": 45,
            "column": 3
          }
        },
        "line": 42
      },
      "6": {
        "name": "(anonymous_6)",
        "decl": {
          "start": {
            "line": 122,
            "column": 52
          },
          "end": {
            "line": 122,
            "column": 53
          }
        },
        "loc": {
          "start": {
            "line": 122,
            "column": 72
          },
          "end": {
            "line": 131,
            "column": 3
          }
        },
        "line": 122
      },
      "7": {
        "name": "(anonymous_7)",
        "decl": {
          "start": {
            "line": 124,
            "column": 27
          },
          "end": {
            "line": 124,
            "column": 28
          }
        },
        "loc": {
          "start": {
            "line": 124,
            "column": 44
          },
          "end": {
            "line": 130,
            "column": 5
          }
        },
        "line": 124
      }
    },
    "branchMap": {
      "0": {
        "loc": {
          "start": {
            "line": 3,
            "column": 20
          },
          "end": {
            "line": 3,
            "column": 97
          }
        },
        "type": "binary-expr",
        "locations": [
          {
            "start": {
              "line": 3,
              "column": 20
            },
            "end": {
              "line": 3,
              "column": 60
            }
          },
          {
            "start": {
              "line": 3,
              "column": 64
            },
            "end": {
              "line": 3,
              "column": 97
            }
          }
        ],
        "line": 3
      },
      "1": {
        "loc": {
          "start": {
            "line": 6,
            "column": 0
          },
          "end": {
            "line": 16,
            "column": 1
          }
        },
        "type": "if",
        "locations": [
          {
            "start": {
              "line": 6,
              "column": 0
            },
            "end": {
              "line": 16,
              "column": 1
            }
          },
          {
            "start": {},
            "end": {}
          }
        ],
[...]
          "column": 39
        }
      },
      "44": {
        "start": {
          "line": 268,
          "column": 2
        },
        "end": {
          "line": 277,
          "column": 5
        }
      },
      "45": {
        "start": {
          "line": 269,
          "column": 4
        },
        "end": {
          "line": 269,
          "column": 130
        }
      },
      "46": {
        "start": {
          "line": 270,
          "column": 4
        },
        "end": {
          "line": 276,
          "column": 7
        }
      },
      "47": {
        "start": {
          "line": 271,
          "column": 6
        },
        "end": {
          "line": 272,
          "column": 15
        }
      },
      "48": {
        "start": {
          "line": 272,
          "column": 8
        },
        "end": {
          "line": 272,
          "column": 15
        }
      },
      "49": {
        "start": {
          "line": 273,
          "column": 32
        },
        "end": {
          "line": 273,
          "column": 115
        }
      },
      "50": {
        "start": {
          "line": 274,
          "column": 6
        },
        "end": {
          "line": 275,
          "column": 54
        }
      },
      "51": {
        "start": {
          "line": 275,
          "column": 8
        },
        "end": {
          "line": 275,
          "column": 54
        }
      }
    },
    "fnMap": {
      "0": {
        "name": "(anonymous_0)",
        "decl": {
          "start": {
            "line": 12,
            "column": 24
          },
          "end": {
            "line": 12,
            "column": 25
          }
        },
        "loc": {
          "start": {
            "line": 12,
            "column": 38
          },
          "end": {
            "line": 14,
            "column": 3
          }
        },
        "line": 12
      },
      "1": {
        "name": "useRouteMatch",
        "decl": {
          "start": {
            "line": 36,
            "column": 9
          },
          "end": {
            "line": 36,
            "column": 22
          }
        },
        "loc": {
          "start": {
            "line": 36,
            "column": 33
          },
          "end": {
            "line": 47,
            "column": 1
          }
        },
        "line": 36
      },
      "2": {
        "name": "(anonymous_2)",
        "decl": {
          "start": {
            "line": 48,
            "column": 57
          },
          "end": {
            "line": 48,
            "column": 58
          }
        },
        "loc": {
          "start": {
            "line": 48,
            "column": 68
          },
          "end": {
            "line": 50,
            "column": 1
          }
        },
        "line": 48
      },
      "3": {
        "name": "Home",
        "decl": {
          "start": {
            "line": 51,
            "column": 9
          },
          "end": {
            "line": 51,
            "column": 13
          }
        },
        "loc": {
          "start": {
            "line": 51,
            "column": 16
          },
          "end": {
            "line": 68,
            "column": 1
          }
        },
        "line": 51
      },
      "4": {
        "name": "NoMatch",
        "decl": {
          "start": {
            "line": 70,
            "column": 9
          },
          "end": {
            "line": 70,
            "column": 16
          }
        },
        "loc": {
          "start": {
            "line": 70,
            "column": 19
          },
          "end": {
            "line": 87,
            "column": 1
          }
        },
        "line": 70
      },
      "5": {
        "name": "MyTabs",
        "decl": {
          "start": {
            "line": 89,
            "column": 9
          },
          "end": {
            "line": 89,
            "column": 15
          }
        },
        "loc": {
          "start": {
            "line": 89,
            "column": 18
          },
          "end": {
            "line": 173,
            "column": 1
          }
        },
        "line": 89
      },
      "6": {
        "name": "(anonymous_6)",
        "decl": {
          "start": {
            "line": 92,
            "column": 4
          },
          "end": {
            "line": 92,
            "column": 5
          }
        },
        "loc": {
          "start": {
            "line": 92,
            "column": 10
          },
          "end": {
            "line": 100,
            "column": 5
          }
        },
        "line": 92
      },
      "7": {
        "name": "(anonymous_7)",
        "decl": {
          "start": {
            "line": 174,
            "column": 51
          },
          "end": {
            "line": 174,
            "column": 52
          }
        },
        "loc": {
          "start": {
            "line": 174,
            "column": 62
          },
          "end": {
            "line": 176,
            "column": 1
          }
        },
        "line": 174
      },
      "8": {
        "name": "App",
        "decl": {
          "start": {
            "line": 178,
            "column": 9
          },
          "end": {
            "line": 178,
            "column": 12
          }
        },
        "loc": {
          "start": {
            "line": 178,
            "column": 15
          },
          "end": {
            "line": 257,
            "column": 1
          }
        },
        "line": 178
      },
      "9": {
        "name": "(anonymous_9)",
        "decl": {
          "start": {
            "line": 268,
            "column": 52
          },
          "end": {
            "line": 268,
            "column": 53
          }
        },
        "loc": {
          "start": {
            "line": 268,
            "column": 72
          },
          "end": {
            "line": 277,
            "column": 3
          }
        },
        "line": 268
      },
      "10": {
        "name": "(anonymous_10)",
        "decl": {
          "start": {
            "line": 270,
            "column": 27
          },
          "end": {
            "line": 270,
            "column": 28
          }
        },
        "loc": {
          "start": {
            "line": 270,
            "column": 44
          },
          "end": {
            "line": 276,
            "column": 5
          }
        },
        "line": 270
      }
    },
    "branchMap": {
      "0": {
        "loc": {
          "start": {
            "line": 3,
            "column": 20
          },
          "end": {
            "line": 3,
            "column": 97
          }
        },
        "type": "binary-expr",
        "locations": [
          {
            "start": {
              "line": 3,
              "column": 20
            },
            "end": {
              "line": 3,
              "column": 60
            }
          },
          {
            "start": {
              "line": 3,
              "column": 64
            },
            "end": {
              "line": 3,
              "column": 97
            }
          }
        ],
        "line": 3
      },
      "1": {
        "loc": {
          "start": {
            "line": 6,
            "column": 0
          },
          "end": {
            "line": 16,
            "column": 1
          }
        },
        "type": "if",
        "locations": [
          {
            "start": {
              "line": 6,
              "column": 0
            },
            "end": {
              "line": 16,
              "column": 1
            }
          },
          {
            "start": {},
            "end": {}
          }
        ],
        "line": 6
      },
      "2": {
        "loc": {
          "start": {
            "line": 6,
            "column": 4
          },
          "end": {
            "line": 6,
            "column": 35
          }
        },
        "type": "binary-expr",
        "locations": [
          {
            "start": {
              "line": 6,
              "column": 4
            },
            "end": {
              "line": 6,
              "column": 19
            }
          },
          {
            "start": {
              "line": 6,
              "column": 23
            },
            "end": {
              "line": 6,
              "column": 35
            }
          }
        ],
        "line": 6
      },
      "3": {
        "loc": {
          "start": {
            "line": 7,
            "column": 2
          },
          "end": {
            "line": 9,
            "column": 3
          }
        },
        "type": "if",
        "locations": [
          {
            "start": {
              "line": 7,
              "column": 2
            },
            "end": {
              "line": 9,
              "column": 3
            }
          },
          {
            "start": {},
            "end": {}
          }
        ],
        "line": 7
      },
      "4": {
        "loc": {
          "start": {
            "line": 42,
            "column": 4
          },
          "end": {
            "line": 44,
            "column": 5
          }
        },
        "type": "if",
        "locations": [
          {
            "start": {
              "line": 42,
              "column": 4
            },
            "end": {
              "line": 44,
              "column": 5
            }
          },
          {
            "start": {},
            "end": {}
          }
        ],
        "line": 42
      },
      "5": {
        "loc": {
          "start": {
            "line": 265,
            "column": 0
          },
          "end": {
            "line": 278,
            "column": 1
          }
        },
        "type": "if",
        "locations": [
          {
            "start": {
              "line": 265,
              "column": 0
            },
            "end": {
              "line": 278,
              "column": 1
            }
          },
          {
            "start": {},
            "end": {}
          }
        ],
        "line": 265
      },
      "6": {
        "loc": {
          "start": {
            "line": 265,
            "column": 4
          },
          "end": {
            "line": 265,
            "column": 35
          }
        },
        "type": "binary-expr",
        "locations": [
          {
            "start": {
              "line": 265,
              "column": 4
            },
            "end": {
              "line": 265,
              "column": 19
            }
          },
          {
            "start": {
              "line": 265,
              "column": 23
            },
            "end": {
              "line": 265,
              "column": 35
            }
          }
        ],
        "line": 265
      },
      "7": {
        "loc": {
          "start": {
            "line": 271,
            "column": 6
          },
          "end": {
            "line": 272,
            "column": 15
          }
        },
        "type": "if",
        "locations": [
          {
            "start": {
              "line": 271,
              "column": 6
            },
            "end": {
              "line": 272,
              "column": 15
            }
          },
          {
            "start": {},
            "end": {}
          }
        ],
        "line": 271
      },
      "8": {
        "loc": {
          "start": {
            "line": 274,
            "column": 6
          },
          "end": {
            "line": 275,
            "column": 54
          }
        },
        "type": "if",
        "locations": [
          {
            "start": {
              "line": 274,
              "column": 6
            },
            "end": {
              "line": 275,
              "column": 54
            }
          },
          {
            "start": {},
            "end": {}
          }
        ],
        "line": 274
      }
    },
    "s": {
      "0": 8,
      "1": 8,
      "2": 8,
      "3": 0,
      "4": 8,
      "5": 8,
      "6": 8,
      "7": 32,
      "8": 8,
      "9": 8,
      "10": 8,
      "11": 16,
      "12": 16,
      "13": 16,
      "14": 16,
      "15": 44,
      "16": 44,
      "17": 44,
      "18": 16,
      "19": 0,
      "20": 8,
      "21": 8,
      "22": 4,
      "23": 8,
      "24": 0,
      "25": 8,
      "26": 16,
      "27": 16,
      "28": 128,
      "29": 16,
      "30": 16,
      "31": 16,
      "32": 8,
      "33": 8,
      "34": 8,
      "35": 16,
      "36": 8,
      "37": 8,
      "38": 8,
      "39": 8,
      "40": 8,
      "41": 8,
      "42": 8,
      "43": 8,
      "44": 8,
      "45": 6,
      "46": 6,
      "47": 0,
      "48": 0,
      "49": 0,
      "50": 0,
      "51": 0
    },
    "f": {
      "0": 32,
      "1": 16,
      "2": 8,
      "3": 4,
      "4": 0,
      "5": 16,
      "6": 128,
      "7": 8,
      "8": 16,
      "9": 6,
      "10": 0
    },
    "b": {
      "0": [
        8,
        0
      ],
      "1": [
        8,
        0
      ],
      "2": [
        8,
        8
      ],
      "3": [
        0,
        8
      ],
      "4": [
        16,
        28
      ],
      "5": [
        8,
        0
      ],
      "6": [
        8,
        8
      ],
      "7": [
        0,
        0
      ],
      "8": [
        0,
        0
      ]
    },
    "inputSourceMap": {
      "version": 3,
      "mappings": "AAwCM;;MAxCN;AAAA;AAAA;AAAA;AAAA;AAAA;AAAA;AAAA;AAAA;AAAA;AAAA;AAAA;AAAA;AAAA;AAAA;AAEA;AAAA,EACEA,iBAAiBC;AAAAA,EACjBC;AAAAA,EACAC;AAAAA,EACAC;AAAAA,EACAC;AAAAA,EACAC;AAAAA,OACK;AACP,OAAOC,YAAY;AACnB,OAAOC,SAAS;AAChB,OAAOC,UAAU;AACjB,OAAOC,YAAY;AACnB,OAAOC,aAAa;AACpB,OAAOC,gBAAgB;AACvB,SAASC,cAAc;AACvB,OAAOC,gBAAgB;AACvB,OAAOC,iBAAiB;AACxB,OAAOC,qBAAqB;AAI5B,SAASC,cAAcC,UAA6B;AAAAC,KAAA;AAClD,QAAM,EAAEC,SAAS,IAAId,YAAY;AAEjC,WAASe,IAAI,GAAGA,IAAIH,SAASI,QAAQD,KAAK,GAAG;AAC3C,UAAME,UAAUL,SAASG,CAAC;AAC1B,UAAMG,gBAAgBnB,UAAUkB,SAASH,QAAQ;AACjD,QAAII,kBAAkB,MAAM;AAC1B,aAAOA;AAAAA,IACT;AAAA,EACF;AAEA,SAAO;AACT;AAACL,GAZQF,eAAa;AAAA,UACCX,WAAW;AAAA;AAalC,SAASmB,OAAO;AACd,SACE,uBAAC,SACC;AAAA,2BAAC,cAAW,SAAQ,MAAK,WAAU,MAAK,cAAY,wCAApD;AAAA;AAAA;AAAA;AAAA,WAEA;AAAA,IACA,uBAAC,cAAW,SAAQ,SAAO,kEAA3B;AAAA;AAAA;AAAA;AAAA,WAEA;AAAA,OANF;AAAA;AAAA;AAAA;AAAA,SAOA;AAEJ;AAACC,KAXQD;AAaT,SAASE,UAAU;AACjB,SACE,uBAAC,SAAI,OAAO,EAAEC,SAAS,GAAG,GACxB;AAAA,2BAAC,QAAG,mCAAJ;AAAA;AAAA;AAAA;AAAA,WAAuB;AAAA,IACvB,uBAAC,OAAE,6DAAH;AAAA;AAAA;AAAA;AAAA,WAAgD;AAAA,OAFlD;AAAA;AAAA;AAAA;AAAA,SAGA;AAEJ;AAACC,MAPQF;AAST,SAASG,SAAS;AAAAC,MAAA;AAGhB,QAAMC,YAAYnB,OAAOH,MAAM;AAAA,IAC7B,MAAO;AAAA;AAAA;AAAA;AAAA;AAAA;AAAA;AAAA;AAAA;AAAA,EAST;AAMA,QAAMuB,aAAahB;AAAAA,IAAc;AAAA,MAC/B;AAAA,MACA;AAAA,MACA;AAAA,MACA;AAAA,IAAG;AAAA,EACJ;AACD,QAAMiB,aAAaD,YAAYV,SAASY;AAExC,SACE,uBAAC,QAAK,OAAOD,YACX;AAAA,2BAAC,aAAU,OAAM,QAAO,OAAM,KAAI,IAAG,KAAI,WAAW9B,QAApD;AAAA;AAAA;AAAA;AAAA,WAAyD;AAAA,IACzD;AAAA,MAAC;AAAA;AAAA,QACC,OAAM;AAAA,QACN,OAAM;AAAA,QACN,IAAG;AAAA,QACH,WAAWA;AAAAA;AAAAA,MAJb;AAAA;AAAA;AAAA;AAAA;AAAA;AAAA;AAAA;AAAA,IAIkB;AAAA,IAElB;AAAA,MAAC;AAAA;AAAA,QACC,OAAM;AAAA,QACN,OAAM;AAAA,QACN,IAAG;AAAA,QACH,WAAWA;AAAAA;AAAAA,MAJb;AAAA;AAAA;AAAA;AAAA;AAAA;AAAA;AAAA;AAAA,IAIkB;AAAA,IAElB;AAAA,MAAC;AAAA;AAAA,QACC,OAAM;AAAA,QACN,OAAM;AAAA,QACN,IAAG;AAAA,QACH,WAAWA;AAAAA;AAAAA,MAJb;AAAA;AAAA;AAAA;AAAA;AAAA;AAAA;AAAA;AAAA,IAIkB;AAAA,OAlBpB;AAAA;AAAA;AAAA;AAAA,SAoBA;AAEJ;AAAC2B,IAlDQD,QAAM;AAAA,UAmBMb,aAAa;AAAA;AAAAmB,MAnBzBN;AAoDT,SAASO,MAAM;AACb,SACE,uBAAC,UACC,iCAAC,OAAI,IAAI,EAAEC,OAAO,OAAO,GACvB;AAAA,2BAAC,UAAO,UAAS,SACf,iCAAC,WACC,iCAAC,YAAD;AAAA;AAAA;AAAA;AAAA,WAAO,KADT;AAAA;AAAA;AAAA;AAAA,WAEA,KAHF;AAAA;AAAA;AAAA;AAAA,WAIA;AAAA,IACA,uBAAC,OAAI,IAAI,EAAEC,IAAI,IAAIC,IAAI,EAAE,GACvB,iCAAC,UACC;AAAA,6BAAC,SAAM,MAAK,KAAI,SAAS,uBAAC,UAAD;AAAA;AAAA;AAAA;AAAA,aAAK,KAA9B;AAAA;AAAA;AAAA;AAAA,aAAkC;AAAA,MAClC,uBAAC,SAAM,MAAK,YAAW,SAAS,uBAAC,gBAAD;AAAA;AAAA;AAAA;AAAA,aAAW,KAA3C;AAAA;AAAA;AAAA;AAAA,aAA+C;AAAA,MAC/C,uBAAC,SAAM,MAAK,aAAY,SAAS,uBAAC,iBAAD;AAAA;AAAA;AAAA;AAAA,aAAY,KAA7C;AAAA;AAAA;AAAA;AAAA,aAAiD;AAAA,MACjD,uBAAC,SAAM,MAAK,kBAAiB,SAAS,uBAAC,qBAAD;AAAA;AAAA;AAAA;AAAA,aAAgB,KAAtD;AAAA;AAAA;AAAA;AAAA,aAA0D;AAAA,MAC1D,uBAAC,SAAM,MAAK,KAAI,SAAS,uBAAC,aAAD;AAAA;AAAA;AAAA;AAAA,aAAQ,KAAjC;AAAA;AAAA;AAAA;AAAA,aAAqC;AAAA,SALvC;AAAA;AAAA;AAAA;AAAA,WAMA,KAPF;AAAA;AAAA;AAAA;AAAA,WAQA;AAAA,OAdF;AAAA;AAAA;AAAA;AAAA,SAeA,KAhBF;AAAA;AAAA;AAAA;AAAA,SAiBA;AAEJ;AAACC,MArBQJ;AAuBT,eAAeA;AAAG,IAAAX,IAAAG,KAAAO,KAAAK;AAAAC,aAAAhB,IAAA;AAAAgB,aAAAb,KAAA;AAAAa,aAAAN,KAAA;AAAAM,aAAAD,KAAA",
      "names": [
        "BrowserRouter",
        "Router",
        "Routes",
        "Route",
        "Link",
        "matchPath",
        "useLocation",
        "AppBar",
        "Box",
        "Tabs",
        "MuiTab",
        "Toolbar",
        "Typography",
        "styled",
        "AnimalsApp",
        "BookListApp",
        "ImageBrowserApp",
        "useRouteMatch",
        "patterns",
        "_s",
        "pathname",
        "i",
        "length",
        "pattern",
        "possibleMatch",
        "Home",
        "_c",
        "NoMatch",
        "padding",
        "_c2",
        "MyTabs",
        "_s2",
        "CustomTab",
        "routeMatch",
        "currentTab",
        "path",
        "_c3",
        "App",
        "width",
        "mt",
        "mx",
        "_c4",
        "$RefreshReg$"
      ],
      "sources": [
        "/Users/kim/projects/Modern-React-with-Redux/apps/src/App.tsx"
      ],
      "file": "/Users/kim/projects/Modern-React-with-Redux/apps/src/App.tsx"
    },
    "_coverageSchema": "1a1c01bbd47fc00a2c39e90264f33305004495a9",
    "hash": "5ad58c9b01dd98d893264debb822e568740f637f"
  },
  "/Users/kim/projects/Modern-React-with-Redux/apps/src/index.tsx": {
    "path": "/Users/kim/projects/Modern-React-with-Redux/apps/src/index.tsx",
    "statementMap": {
      "0": {
        "start": {
          "line": 8,
          "column": 18
        },
        "end": {
          "line": 8,
          "column": 49
        }
      },
      "1": {
        "start": {
          "line": 9,
          "column": 13
        },
        "end": {
          "line": 9,
          "column": 34
        }
      },
      "2": {
        "start": {
          "line": 10,
          "column": 0
        },
        "end": {
          "line": 31,
          "column": 2
        }
      }
    },
    "fnMap": {},
    "branchMap": {},
    "s": {
      "0": 8,
      "1": 8,
      "2": 8
    },
    "f": {},
    "b": {},
    "inputSourceMap": {
      "version": 3,
      "mappings": "AAYM;AAZN,YAAYA,WAAW;AACvB,SAASC,kBAAkB;AAC3B,SAASC,qBAAqB;AAC9B,SAASC,mBAAmB;AAC5B,OAAOC,WAAW;AAClB,OAAOC,SAAS;AAEhB,MAAMC,YAAYC,SAASC,eAAe,MAAM;AAChD,MAAMC,OAAOR,WAAWK,SAAU;AAClCG,KAAKC;AAAAA,EACH,uBAAC,MAAM,YAAN,EACC,iCAAC,iBAAc,OACb;AAAA,2BAAC,iBAAD;AAAA;AAAA;AAAA;AAAA,WAAY;AAAA,IACZ,uBAAC,SAAD;AAAA;AAAA;AAAA;AAAA,WAAI;AAAA,OAFN;AAAA;AAAA;AAAA;AAAA,SAGA,KAJF;AAAA;AAAA;AAAA;AAAA,SAKA;AACF",
      "names": [
        "React",
        "createRoot",
        "ThemeProvider",
        "CssBaseline",
        "theme",
        "App",
        "container",
        "document",
        "getElementById",
        "root",
        "render"
      ],
      "sources": [
        "/Users/kim/projects/Modern-React-with-Redux/apps/src/index.tsx"
      ],
      "file": "/Users/kim/projects/Modern-React-with-Redux/apps/src/index.tsx"
    },
    "_coverageSchema": "1a1c01bbd47fc00a2c39e90264f33305004495a9",
    "hash": "109f274019718bce59d489b1a3211e58d749a327"
  },
  "/Users/kim/projects/Modern-React-with-Redux/apps/src/BookList/src/types.tsx": {
    "path": "/Users/kim/projects/Modern-React-with-Redux/apps/src/BookList/src/types.tsx",
    "statementMap": {},
    "fnMap": {},
    "branchMap": {},
    "s": {},
    "f": {},
    "b": {}
  },
  "/Users/kim/projects/Modern-React-with-Redux/apps/src/ImageBrowser/src/types.tsx": {
    "path": "/Users/kim/projects/Modern-React-with-Redux/apps/src/ImageBrowser/src/types.tsx",
    "statementMap": {},
    "fnMap": {},
    "branchMap": {},
    "s": {},
    "f": {},
    "b": {}
  }
}
